WhatWeb report for [1m[34mhttp://directcallsoft.com.br[0m
Status    : 301 Moved Permanently
Title     : [1m[33m<None>[0m
IP        : 104.26.0.221
Country   : [1m[31mUNITED STATES, US[0m

Summary   : [1mHTTPServer[0m[[1m[36mcloudflare[0m], [1mRedirectLocation[0m[[0m[22mhttps://directcall.com.br/produto/planos-ilimitados/[0m], [1mUncommonHeaders[0m[[0m[22mcf-cache-status,report-to,nel,cf-ray,server-timing[0m]

Detected Plugins:
[ [1mHTTPServer[0m ]
	HTTP server header string. This plugin also attempts to 
	identify the operating system from the server header. 

	String       : [1m[36mcloudflare[0m (from server string)

[ [1mRedirectLocation[0m ]
	HTTP Server string location. used with http-status 301 and 
	302 

	String       : [1m[36mhttps://directcall.com.br/produto/planos-ilimitados/[0m (from location)

[ [1mUncommonHeaders[0m ]
	Uncommon HTTP server headers. The blacklist includes all 
	the standard headers and many non standard but common ones. 
	Interesting but fairly common headers should have their own 
	plugins, eg. x-powered-by, server and x-aspnet-version. 
	Info about headers can be found at www.http-stats.com 

	String       : [1m[36mcf-cache-status,report-to,nel,cf-ray,server-timing[0m (from headers)

HTTP Headers:
	HTTP/1.1 301 Moved Permanently
	Date: Mon, 19 May 2025 02:30:21 GMT
	Content-Type: text/html
	Transfer-Encoding: chunked
	Connection: close
	Location: https://directcall.com.br/produto/planos-ilimitados/
	cf-cache-status: DYNAMIC
	Report-To: {"endpoints":[{"url":"https:\/\/a.nel.cloudflare.com\/report\/v4?s=tkyCnnc6Wom4Ect6oCZ4Z27s7MrI7KNvnEZkZHKDpY2hI1NcIGAjk9FU6DZQuJGiBYJgAnHQmlJC01gj%2BDyM1wJv57SlkAnPZOuPUSoK07rbx08ysAQqv4WZYjcG71PToLhvdO4j2A%3D%3D"}],"group":"cf-nel","max_age":604800}
	NEL: {"success_fraction":0,"report_to":"cf-nel","max_age":604800}
	Server: cloudflare
	CF-RAY: 94202bfd1a411ce9-GRU
	server-timing: cfL4;desc="?proto=TCP&rtt=8726&min_rtt=8726&rtt_var=4363&sent=1&recv=3&lost=0&retrans=0&sent_bytes=0&recv_bytes=164&delivery_rate=0&cwnd=249&unsent_bytes=0&cid=0000000000000000&ts=0&x=0"
	
WhatWeb report for [1m[34mhttps://directcall.com.br/produto/planos-ilimitados/[0m
Status    : 200 OK
Title     : [1m[33mFixo e Móvel Ilimitado - Sip Trunk - Voip Ilimitado[0m
IP        : 104.26.2.154
Country   : [1m[31mUNITED STATES, US[0m

Summary   : [1mBootstrap[0m, [1mCookies[0m[[0m[22mPHPSESSID,codCliente,menuOpen[0m], [1mFrame[0m, [1mHTML5[0m, [1mHTTPServer[0m[[1m[36mcloudflare[0m], [1mJQuery[0m, [1mMetaGenerator[0m[[0m[22mAll in One SEO Pro (AIOSEO) 4.8.2,Powered by WPBakery Page Builder - drag and drop page builder for WordPress.,Site Kit by Google 1.152.1[0m], [1mOpen-Graph-Protocol[0m[[1m[32marticle[0m], [1mPoweredBy[0m[[0m[22mWPBakery[0m], [1mScript[0m[[0m[22mapplication/ld+json,speculationrules,text/javascript[0m], [1mStrict-Transport-Security[0m[[0m[22mmax-age=15552000; includeSubDomains[0m], [1mUncommonHeaders[0m[[0m[22mcf-ray,link,x-turbo-charged-by,cf-cache-status,report-to,nel,server-timing[0m], [1mWordPress[0m

Detected Plugins:
[ [1mBootstrap[0m ]
	Bootstrap is an open source toolkit for developing with 
	HTML, CSS, and JS. 

	Website     : https://getbootstrap.com/

[ [1mCookies[0m ]
	Display the names of cookies in the HTTP headers. The 
	values are not returned to save on space. 

	String       : [1m[36mPHPSESSID[0m
	String       : [1m[36mcodCliente[0m
	String       : [1m[36mmenuOpen[0m

[ [1mFrame[0m ]
	This plugin detects instances of frame and iframe HTML 
	elements. 


[ [1mHTML5[0m ]
	HTML version 5, detected by the doctype declaration 


[ [1mHTTPServer[0m ]
	HTTP server header string. This plugin also attempts to 
	identify the operating system from the server header. 

	String       : [1m[36mcloudflare[0m (from server string)

[ [1mJQuery[0m ]
	A fast, concise, JavaScript that simplifies how to traverse 
	HTML documents, handle events, perform animations, and add 
	AJAX. 

	Website     : http://jquery.com/

[ [1mMetaGenerator[0m ]
	This plugin identifies meta generator tags and extracts its 
	value. 

	String       : [1m[36mAll in One SEO Pro (AIOSEO) 4.8.2,Powered by WPBakery Page Builder - drag and drop page builder for WordPress.,Site Kit by Google 1.152.1[0m

[ [1mOpen-Graph-Protocol[0m ]
	The Open Graph protocol enables you to integrate your Web 
	pages into the social graph. It is currently designed for 
	Web pages representing profiles of real-world things . 
	things like movies, sports teams, celebrities, and 
	restaurants. Including Open Graph tags on your Web page, 
	makes your page equivalent to a Facebook Page. 

	Version      : [1m[32marticle[0m

[ [1mPoweredBy[0m ]
	This plugin identifies instances of 'Powered by x' text and 
	attempts to extract the value for x. 

	String       : [1m[36mWPBakery[0m

[ [1mScript[0m ]
	This plugin detects instances of script HTML elements and 
	returns the script language/type. 

	String       : [1m[36mapplication/ld+json,speculationrules,text/javascript[0m

[ [1mStrict-Transport-Security[0m ]
	Strict-Transport-Security is an HTTP header that restricts 
	a web browser from accessing a website without the security 
	of the HTTPS protocol. 

	String       : [1m[36mmax-age=15552000; includeSubDomains[0m

[ [1mUncommonHeaders[0m ]
	Uncommon HTTP server headers. The blacklist includes all 
	the standard headers and many non standard but common ones. 
	Interesting but fairly common headers should have their own 
	plugins, eg. x-powered-by, server and x-aspnet-version. 
	Info about headers can be found at www.http-stats.com 

	String       : [1m[36mcf-ray,link,x-turbo-charged-by,cf-cache-status,report-to,nel,server-timing[0m (from headers)

[ [1mWordPress[0m ]
	WordPress is an opensource blogging system commonly used as 
	a CMS. 

	Aggressive function available (check plugin file or details).
	Google Dorks: (1)
	Website     : http://www.wordpress.org/

HTTP Headers:
	HTTP/1.1 200 OK
	Date: Mon, 19 May 2025 02:30:25 GMT
	Content-Type: text/html; charset=UTF-8
	Transfer-Encoding: chunked
	Connection: close
	Server: cloudflare
	Strict-Transport-Security: max-age=15552000; includeSubDomains
	Cf-Ray: 94202c12ba816252-GRU
	Content-Encoding: gzip
	Expires: Thu, 19 Nov 1981 08:52:00 GMT
	Cache-Control: no-store, no-cache, must-revalidate
	Pragma: no-cache
	Link: <https://directcall.com.br/wp-json/>; rel="https://api.w.org/"
	Link: <https://directcall.com.br/?p=3220>; rel=shortlink
	Vary: Accept-Encoding
	X-Turbo-Charged-By: LiteSpeed
	Cf-Cache-Status: DYNAMIC
	Report-To: {"endpoints":[{"url":"https:\/\/a.nel.cloudflare.com\/report\/v4?s=S6w40zayV0mXetOY8v897Tx0wZG%2FY%2BKh%2Fw3bmL40aY6em0w2Q5Y8HE64KRcvOzhWmZIn8kOtpNI1LXoyrXp7b0xFFsP%2FJX4qchhJhCLDgGO5AMTIuZkvzTPdSV2CbVa7ocR0"}],"group":"cf-nel","max_age":604800}
	Nel: {"success_fraction":0,"report_to":"cf-nel","max_age":604800}
	Set-Cookie: PHPSESSID=mt1ttdssftbclecdsjqiast921; Path=/
	Set-Cookie: codCliente=2025466024088; Path=/; Max-Age=630720000; Expires=Sun, 14 May 2045 02:30:24 GMT
	Set-Cookie: menuOpen=1; Path=/; Max-Age=86400; Expires=Tue, 20 May 2025 02:30:24 GMT
	server-timing: cfL4;desc="?proto=TCP&rtt=8972&min_rtt=8142&rtt_var=3646&sent=5&recv=6&lost=0&retrans=0&sent_bytes=2843&recv_bytes=805&delivery_rate=515843&cwnd=252&unsent_bytes=0&cid=103db3aec5f22fe7&ts=957&x=0"